# JRE version: OpenJDK Runtime Environment (8.0_152-b02) (build 1.8.0_152-release-1024-b02)
# Java VM: OpenJDK 64-Bit Server VM (25.152-b02 mixed mode windows-amd64 compressed oops)
Heap:
 PSYoungGen      total 241664K, used 201248K [0x00000000e0000000, 0x00000000f1700000, 0x0000000100000000)
  eden space 196096K, 98% used [0x00000000e0000000,0x00000000ebd21e00,0x00000000ebf80000)
  from space 45568K, 16% used [0x00000000ebf80000,0x00000000ec6e6398,0x00000000eec00000)
  to   space 44032K, 0% used [0x00000000eec00000,0x00000000eec00000,0x00000000f1700000)
 ParOldGen       total 197120K, used 68655K [0x00000000a0000000, 0x00000000ac080000, 0x00000000e0000000)
  object space 197120K, 34% used [0x00000000a0000000,0x00000000a430bf38,0x00000000ac080000)
 Metaspace       used 96214K, capacity 102458K, committed 103296K, reserved 1138688K
  class space    used 11944K, capacity 13159K, committed 13440K, reserved 1048576K
GC Heap History (10 events):
Event: 18895.295 GC heap before
{Heap before GC invocations=71 (full 4):
 PSYoungGen      total 239616K, used 209071K [0x00000000e0000000, 0x00000000f1f00000, 0x0000000100000000)
  eden space 192512K, 100% used [0x00000000e0000000,0x00000000ebc00000,0x00000000ebc00000)
  from space 47104K, 35% used [0x00000000ef100000,0x00000000f012bcf0,0x00000000f1f00000)
  to   space 50688K, 0% used [0x00000000ebc00000,0x00000000ebc00000,0x00000000eed80000)
 ParOldGen       total 197120K, used 61021K [0x00000000a0000000, 0x00000000ac080000, 0x00000000e0000000)
  object space 197120K, 30% used [0x00000000a0000000,0x00000000a3b97640,0x00000000ac080000)
 Metaspace       used 95962K, capacity 102200K, committed 103296K, reserved 1138688K
  class space    used 11931K, capacity 13138K, committed 13440K, reserved 1048576K
Event: 18895.315 GC heap after
Heap after GC invocations=71 (full 4):
 PSYoungGen      total 243200K, used 12072K [0x00000000e0000000, 0x00000000f1e80000, 0x0000000100000000)
  eden space 192512K, 0% used [0x00000000e0000000,0x00000000e0000000,0x00000000ebc00000)
  from space 50688K, 23% used [0x00000000ebc00000,0x00000000ec7ca3b8,0x00000000eed80000)
  to   space 49152K, 0% used [0x00000000eee80000,0x00000000eee80000,0x00000000f1e80000)
 ParOldGen       total 197120K, used 64283K [0x00000000a0000000, 0x00000000ac080000, 0x00000000e0000000)
  object space 197120K, 32% used [0x00000000a0000000,0x00000000a3ec6e18,0x00000000ac080000)
 Metaspace       used 95962K, capacity 102200K, committed 103296K, reserved 1138688K
  class space    used 11931K, capacity 13138K, committed 13440K, reserved 1048576K
}
Event: 18975.428 GC heap before
{Heap before GC invocations=72 (full 4):
 PSYoungGen      total 243200K, used 204584K [0x00000000e0000000, 0x00000000f1e80000, 0x0000000100000000)
  eden space 192512K, 100% used [0x00000000e0000000,0x00000000ebc00000,0x00000000ebc00000)
  from space 50688K, 23% used [0x00000000ebc00000,0x00000000ec7ca3b8,0x00000000eed80000)
  to   space 49152K, 0% used [0x00000000eee80000,0x00000000eee80000,0x00000000f1e80000)
 ParOldGen       total 197120K, used 64283K [0x00000000a0000000, 0x00000000ac080000, 0x00000000e0000000)
  object space 197120K, 32% used [0x00000000a0000000,0x00000000a3ec6e18,0x00000000ac080000)
 Metaspace       used 95979K, capacity 102200K, committed 103296K, reserved 1138688K
  class space    used 11931K, capacity 13138K, committed 13440K, reserved 1048576K
Event: 18975.441 GC heap after
Heap after GC invocations=72 (full 4):
 PSYoungGen      total 240128K, used 11880K [0x00000000e0000000, 0x00000000f1b00000, 0x0000000100000000)
  eden space 194560K, 0% used [0x00000000e0000000,0x00000000e0000000,0x00000000ebe00000)
  from space 45568K, 26% used [0x00000000eee80000,0x00000000efa1a3d8,0x00000000f1b00000)
  to   space 47616K, 0% used [0x00000000ebe00000,0x00000000ebe00000,0x00000000eec80000)
 ParOldGen       total 197120K, used 64543K [0x00000000a0000000, 0x00000000ac080000, 0x00000000e0000000)
  object space 197120K, 32% used [0x00000000a0000000,0x00000000a3f07e28,0x00000000ac080000)
 Metaspace       used 95979K, capacity 102200K, committed 103296K, reserved 1138688K
  class space    used 11931K, capacity 13138K, committed 13440K, reserved 1048576K
}
Event: 19183.278 GC heap before
{Heap before GC invocations=73 (full 4):
 PSYoungGen      total 240128K, used 206440K [0x00000000e0000000, 0x00000000f1b00000, 0x0000000100000000)
  eden space 194560K, 100% used [0x00000000e0000000,0x00000000ebe00000,0x00000000ebe00000)
  from space 45568K, 26% used [0x00000000eee80000,0x00000000efa1a3d8,0x00000000f1b00000)
  to   space 47616K, 0% used [0x00000000ebe00000,0x00000000ebe00000,0x00000000eec80000)
 ParOldGen       total 197120K, used 64543K [0x00000000a0000000, 0x00000000ac080000, 0x00000000e0000000)
  object space 197120K, 32% used [0x00000000a0000000,0x00000000a3f07e28,0x00000000ac080000)
 Metaspace       used 96023K, capacity 102264K, committed 103296K, reserved 1138688K
  class space    used 11933K, capacity 13138K, committed 13440K, reserved 1048576K
Event: 19183.296 GC heap after
Heap after GC invocations=73 (full 4):
 PSYoungGen      total 242176K, used 10088K [0x00000000e0000000, 0x00000000f1a80000, 0x0000000100000000)
  eden space 194560K, 0% used [0x00000000e0000000,0x00000000e0000000,0x00000000ebe00000)
  from space 47616K, 21% used [0x00000000ebe00000,0x00000000ec7da398,0x00000000eec80000)
  to   space 46592K, 0% used [0x00000000eed00000,0x00000000eed00000,0x00000000f1a80000)
 ParOldGen       total 197120K, used 66263K [0x00000000a0000000, 0x00000000ac080000, 0x00000000e0000000)
  object space 197120K, 33% used [0x00000000a0000000,0x00000000a40b5e98,0x00000000ac080000)
 Metaspace       used 96023K, capacity 102264K, committed 103296K, reserved 1138688K
  class space    used 11933K, capacity 13138K, committed 13440K, reserved 1048576K
}
Event: 19259.005 GC heap before
{Heap before GC invocations=74 (full 4):
 PSYoungGen      total 242176K, used 204648K [0x00000000e0000000, 0x00000000f1a80000, 0x0000000100000000)
  eden space 194560K, 100% used [0x00000000e0000000,0x00000000ebe00000,0x00000000ebe00000)
  from space 47616K, 21% used [0x00000000ebe00000,0x00000000ec7da398,0x00000000eec80000)
  to   space 46592K, 0% used [0x00000000eed00000,0x00000000eed00000,0x00000000f1a80000)
 ParOldGen       total 197120K, used 66263K [0x00000000a0000000, 0x00000000ac080000, 0x00000000e0000000)
  object space 197120K, 33% used [0x00000000a0000000,0x00000000a40b5e98,0x00000000ac080000)
 Metaspace       used 96074K, capacity 102324K, committed 103296K, reserved 1138688K
  class space    used 11938K, capacity 13148K, committed 13440K, reserved 1048576K
Event: 19259.020 GC heap after
Heap after GC invocations=74 (full 4):
 PSYoungGen      total 240640K, used 7720K [0x00000000e0000000, 0x00000000f1880000, 0x0000000100000000)
  eden space 196096K, 0% used [0x00000000e0000000,0x00000000e0000000,0x00000000ebf80000)
  from space 44544K, 17% used [0x00000000eed00000,0x00000000ef48a3a8,0x00000000f1880000)
  to   space 45568K, 0% used [0x00000000ebf80000,0x00000000ebf80000,0x00000000eec00000)
 ParOldGen       total 197120K, used 68631K [0x00000000a0000000, 0x00000000ac080000, 0x00000000e0000000)
  object space 197120K, 34% used [0x00000000a0000000,0x00000000a4305f38,0x00000000ac080000)
 Metaspace       used 96074K, capacity 102324K, committed 103296K, reserved 1138688K
  class space    used 11938K, capacity 13148K, committed 13440K, reserved 1048576K
}
Event: 19317.341 GC heap before
{Heap before GC invocations=75 (full 4):
 PSYoungGen      total 240640K, used 203816K [0x00000000e0000000, 0x00000000f1880000, 0x0000000100000000)
  eden space 196096K, 100% used [0x00000000e0000000,0x00000000ebf80000,0x00000000ebf80000)
  from space 44544K, 17% used [0x00000000eed00000,0x00000000ef48a3a8,0x00000000f1880000)
  to   space 45568K, 0% used [0x00000000ebf80000,0x00000000ebf80000,0x00000000eec00000)
 ParOldGen       total 197120K, used 68631K [0x00000000a0000000, 0x00000000ac080000, 0x00000000e0000000)
  object space 197120K, 34% used [0x00000000a0000000,0x00000000a4305f38,0x00000000ac080000)
 Metaspace       used 96143K, capacity 102418K, committed 103296K, reserved 1138688K
  class space    used 11941K, capacity 13153K, committed 13440K, reserved 1048576K
Event: 19317.350 GC heap after
Heap after GC invocations=75 (full 4):
 PSYoungGen      total 241664K, used 7576K [0x00000000e0000000, 0x00000000f1700000, 0x0000000100000000)
  eden space 196096K, 0% used [0x00000000e0000000,0x00000000e0000000,0x00000000ebf80000)
  from space 45568K, 16% used [0x00000000ebf80000,0x00000000ec6e6398,0x00000000eec00000)
  to   space 44032K, 0% used [0x00000000eec00000,0x00000000eec00000,0x00000000f1700000)
 ParOldGen       total 197120K, used 68655K [0x00000000a0000000, 0x00000000ac080000, 0x00000000e0000000)
  object space 197120K, 34% used [0x00000000a0000000,0x00000000a430bf38,0x00000000ac080000)
 Metaspace       used 96143K, capacity 102418K, committed 103296K, reserved 1138688K
  class space    used 11941K, capacity 13153K, committed 13440K, reserved 1048576K
}

